> Task :app:preBuild UP-TO-DATE
> Task :app:preDebugBuild UP-TO-DATE
> Task :app:mergeDebugNativeDebugMetadata NO-SOURCE
> Task :app:checkKotlinGradlePluginConfigurationErrors SKIPPED
> Task :app:processDebugNavigationResources
> Task :app:checkDebugAarMetadata
> Task :app:generateDebugResValues
> Task :app:compileDebugNavigationResources
> Task :app:mapDebugSourceSetPaths
> Task :app:generateDebugResources
> Task :app:packageDebugResources
> Task :app:createDebugCompatibleScreenManifests
> Task :app:extractDeepLinksDebug
> Task :app:processDebugMainManifest
> Task :app:parseDebugLocalResources
> Task :app:mergeDebugResources
> Task :app:processDebugManifest
> Task :app:processDebugManifestForPackage
> Task :app:javaPreCompileDebug
> Task :app:mergeDebugShaders
> Task :app:compileDebugShaders NO-SOURCE
> Task :app:generateDebugAssets UP-TO-DATE
> Task :app:mergeDebugAssets
> Task :app:compressDebugAssets
> Task :app:desugarDebugFileDependencies
> Task :app:mergeDebugJniLibFolders
> Task :app:mergeDebugNativeLibs
> Task :app:checkDebugDuplicateClasses
> Task :app:validateSigningDebug
> Task :app:mergeLibDexDebug
> Task :app:writeDebugAppMetadata

> Task :app:stripDebugDebugSymbols
Unable to strip the following libraries, packaging them as they are: libandroidx.graphics.path.so, libdatastore_shared_counter.so. Run with --info option to learn more.

> Task :app:writeDebugSigningConfigVersions
> Task :app:processDebugResources

> Task :app:compileDebugKotlin FAILED
e: file:///C:/Users/oshonik/Documents/Projects/Yardly/app/src/main/java/com/example/yardly/ui/YardlyApp.kt:91:36 Unresolved reference 'getActivityResult'.
e: file:///C:/Users/oshonik/Documents/Projects/Yardly/app/src/main/java/com/example/yardly/ui/YardlyApp.kt:93:62 Unresolved reference 'uriContent'.
e: file:///C:/Users/oshonik/Documents/Projects/Yardly/app/src/main/java/com/example/yardly/ui/YardlyApp.kt:408:44 Unresolved reference 'activity'.
e: file:///C:/Users/oshonik/Documents/Projects/Yardly/app/src/main/java/com/example/yardly/ui/sheets/AdDetailSheet.kt:99:44 Unresolved reference 'remember'.
e: file:///C:/Users/oshonik/Documents/Projects/Yardly/app/src/main/java/com/example/yardly/ui/sheets/AdDetailSheet.kt:99:53 Unresolved reference 'mutableStateMapOf'.
e: file:///C:/Users/oshonik/Documents/Projects/Yardly/app/src/main/java/com/example/yardly/ui/sheets/AdDetailSheet.kt:99:55 Unresolved reference 'mutableStateMapOf'.
e: file:///C:/Users/oshonik/Documents/Projects/Yardly/app/src/main/java/com/example/yardly/ui/sheets/AdDetailSheet.kt:102:52 Type 'androidx.compose.runtime.State<kotlin.Float>' has no method 'getValue(Nothing?, KProperty0<*>)', so it cannot serve as a delegate.
e: file:///C:/Users/oshonik/Documents/Projects/Yardly/app/src/main/java/com/example/yardly/ui/sheets/CreatePostSheet.kt:3:20 Conflicting import: imported name 'Uri' is ambiguous.
e: file:///C:/Users/oshonik/Documents/Projects/Yardly/app/src/main/java/com/example/yardly/ui/sheets/CreatePostSheet.kt:4:23 Conflicting import: imported name 'Toast' is ambiguous.
e: file:///C:/Users/oshonik/Documents/Projects/Yardly/app/src/main/java/com/example/yardly/ui/sheets/CreatePostSheet.kt:6:36 Conflicting import: imported name 'BorderStroke' is ambiguous.
e: file:///C:/Users/oshonik/Documents/Projects/Yardly/app/src/main/java/com/example/yardly/ui/sheets/CreatePostSheet.kt:13:42 Conflicting import: imported name 'RoundedCornerShape' is ambiguous.
e: file:///C:/Users/oshonik/Documents/Projects/Yardly/app/src/main/java/com/example/yardly/ui/sheets/CreatePostSheet.kt:14:41 Conflicting import: imported name 'KeyboardActions' is ambiguous.
e: file:///C:/Users/oshonik/Documents/Projects/Yardly/app/src/main/java/com/example/yardly/ui/sheets/CreatePostSheet.kt:15:41 Conflicting import: imported name 'KeyboardOptions' is ambiguous.
e: file:///C:/Users/oshonik/Documents/Projects/Yardly/app/src/main/java/com/example/yardly/ui/sheets/CreatePostSheet.kt:16:40 Conflicting import: imported name 'Icons' is ambiguous.
e: file:///C:/Users/oshonik/Documents/Projects/Yardly/app/src/main/java/com/example/yardly/ui/sheets/CreatePostSheet.kt:20:28 Conflicting import: imported name 'Alignment' is ambiguous.
e: file:///C:/Users/oshonik/Documents/Projects/Yardly/app/src/main/java/com/example/yardly/ui/sheets/CreatePostSheet.kt:21:28 Conflicting import: imported name 'Modifier' is ambiguous.
e: file:///C:/Users/oshonik/Documents/Projects/Yardly/app/src/main/java/com/example/yardly/ui/sheets/CreatePostSheet.kt:23:37 Conflicting import: imported name 'Color' is ambiguous.
e: file:///C:/Users/oshonik/Documents/Projects/Yardly/app/src/main/java/com/example/yardly/ui/sheets/CreatePostSheet.kt:24:35 Conflicting import: imported name 'ContentScale' is ambiguous.
e: file:///C:/Users/oshonik/Documents/Projects/Yardly/app/src/main/java/com/example/yardly/ui/sheets/CreatePostSheet.kt:27:33 Conflicting import: imported name 'TextStyle' is ambiguous.
e: file:///C:/Users/oshonik/Documents/Projects/Yardly/app/src/main/java/com/example/yardly/ui/sheets/CreatePostSheet.kt:28:38 Conflicting import: imported name 'FontWeight' is ambiguous.
e: file:///C:/Users/oshonik/Documents/Projects/Yardly/app/src/main/java/com/example/yardly/ui/sheets/CreatePostSheet.kt:29:39 Conflicting import: imported name 'ImeAction' is ambiguous.
e: file:///C:/Users/oshonik/Documents/Projects/Yardly/app/src/main/java/com/example/yardly/ui/sheets/CreatePostSheet.kt:30:39 Conflicting import: imported name 'KeyboardType' is ambiguous.
e: file:///C:/Users/oshonik/Documents/Projects/Yardly/app/src/main/java/com/example/yardly/ui/sheets/CreatePostSheet.kt:31:44 Conflicting import: imported name 'Preview' is ambiguous.
e: file:///C:/Users/oshonik/Documents/Projects/Yardly/app/src/main/java/com/example/yardly/ui/sheets/CreatePostSheet.kt:35:36 Conflicting import: imported name 'Category' is ambiguous.
e: file:///C:/Users/oshonik/Documents/Projects/Yardly/app/src/main/java/com/example/yardly/ui/sheets/CreatePostSheet.kt:36:36 Conflicting import: imported name 'Dimens' is ambiguous.
e: file:///C:/Users/oshonik/Documents/Projects/Yardly/app/src/main/java/com/example/yardly/ui/sheets/CreatePostSheet.kt:38:1 Syntax error: Expecting a top level declaration.
e: file:///C:/Users/oshonik/Documents/Projects/Yardly/app/src/main/java/com/example/yardly/ui/sheets/CreatePostSheet.kt:38:9 Syntax error: Expecting a top level declaration.
e: file:///C:/Users/oshonik/Documents/Projects/Yardly/app/src/main/java/com/example/yardly/ui/sheets/CreatePostSheet.kt:38:12 Syntax error: Expecting a top level declaration.
e: file:///C:/Users/oshonik/Documents/Projects/Yardly/app/src/main/java/com/example/yardly/ui/sheets/CreatePostSheet.kt:38:13 Syntax error: Expecting a top level declaration.
e: file:///C:/Users/oshonik/Documents/Projects/Yardly/app/src/main/java/com/example/yardly/ui/sheets/CreatePostSheet.kt:38:20 Syntax error: Expecting a top level declaration.
e: file:///C:/Users/oshonik/Documents/Projects/Yardly/app/src/main/java/com/example/yardly/ui/sheets/CreatePostSheet.kt:38:21 Syntax error: Expecting a top level declaration.
e: file:///C:/Users/oshonik/Documents/Projects/Yardly/app/src/main/java/com/example/yardly/ui/sheets/CreatePostSheet.kt:38:27 Syntax error: Expecting a top level declaration.
e: file:///C:/Users/oshonik/Documents/Projects/Yardly/app/src/main/java/com/example/yardly/ui/sheets/CreatePostSheet.kt:38:28 Syntax error: Expecting a top level declaration.
e: file:///C:/Users/oshonik/Documents/Projects/Yardly/app/src/main/java/com/example/yardly/ui/sheets/CreatePostSheet.kt:38:30 Syntax error: Expecting a top level declaration.
e: file:///C:/Users/oshonik/Documents/Projects/Yardly/app/src/main/java/com/example/yardly/ui/sheets/CreatePostSheet.kt:38:31 Syntax error: Expecting a top level declaration.
e: file:///C:/Users/oshonik/Documents/Projects/Yardly/app/src/main/java/com/example/yardly/ui/sheets/CreatePostSheet.kt:38:37 Syntax error: imports are only allowed in the beginning of file.
e: file:///C:/Users/oshonik/Documents/Projects/Yardly/app/src/main/java/com/example/yardly/ui/sheets/CreatePostSheet.kt:40:20 Conflicting import: imported name 'Uri' is ambiguous.
e: file:///C:/Users/oshonik/Documents/Projects/Yardly/app/src/main/java/com/example/yardly/ui/sheets/CreatePostSheet.kt:41:23 Conflicting import: imported name 'Toast' is ambiguous.
e: file:///C:/Users/oshonik/Documents/Projects/Yardly/app/src/main/java/com/example/yardly/ui/sheets/CreatePostSheet.kt:43:36 Conflicting import: imported name 'BorderStroke' is ambiguous.
e: file:///C:/Users/oshonik/Documents/Projects/Yardly/app/src/main/java/com/example/yardly/ui/sheets/CreatePostSheet.kt:50:42 Conflicting import: imported name 'RoundedCornerShape' is ambiguous.
e: file:///C:/Users/oshonik/Documents/Projects/Yardly/app/src/main/java/com/example/yardly/ui/sheets/CreatePostSheet.kt:51:41 Conflicting import: imported name 'KeyboardActions' is ambiguous.
e: file:///C:/Users/oshonik/Documents/Projects/Yardly/app/src/main/java/com/example/yardly/ui/sheets/CreatePostSheet.kt:52:41 Conflicting import: imported name 'KeyboardOptions' is ambiguous.
e: file:///C:/Users/oshonik/Documents/Projects/Yardly/app/src/main/java/com/example/yardly/ui/sheets/CreatePostSheet.kt:53:40 Conflicting import: imported name 'Icons' is ambiguous.
e: file:///C:/Users/oshonik/Documents/Projects/Yardly/app/src/main/java/com/example/yardly/ui/sheets/CreatePostSheet.kt:57:28 Conflicting import: imported name 'Alignment' is ambiguous.
e: file:///C:/Users/oshonik/Documents/Projects/Yardly/app/src/main/java/com/example/yardly/ui/sheets/CreatePostSheet.kt:58:28 Conflicting import: imported name 'Modifier' is ambiguous.
e: file:///C:/Users/oshonik/Documents/Projects/Yardly/app/src/main/java/com/example/yardly/ui/sheets/CreatePostSheet.kt:60:37 Conflicting import: imported name 'Color' is ambiguous.
e: file:///C:/Users/oshonik/Documents/Projects/Yardly/app/src/main/java/com/example/yardly/ui/sheets/CreatePostSheet.kt:61:35 Conflicting import: imported name 'ContentScale' is ambiguous.
e: file:///C:/Users/oshonik/Documents/Projects/Yardly/app/src/main/java/com/example/yardly/ui/sheets/CreatePostSheet.kt:64:33 Conflicting import: imported name 'TextStyle' is ambiguous.
e: file:///C:/Users/oshonik/Documents/Projects/Yardly/app/src/main/java/com/example/yardly/ui/sheets/CreatePostSheet.kt:65:38 Conflicting import: imported name 'FontWeight' is ambiguous.
e: file:///C:/Users/oshonik/Documents/Projects/Yardly/app/src/main/java/com/example/yardly/ui/sheets/CreatePostSheet.kt:66:39 Conflicting import: imported name 'ImeAction' is ambiguous.
e: file:///C:/Users/oshonik/Documents/Projects/Yardly/app/src/main/java/com/example/yardly/ui/sheets/CreatePostSheet.kt:67:39 Conflicting import: imported name 'KeyboardType' is ambiguous.
e: file:///C:/Users/oshonik/Documents/Projects/Yardly/app/src/main/java/com/example/yardly/ui/sheets/CreatePostSheet.kt:68:44 Conflicting import: imported name 'Preview' is ambiguous.
e: file:///C:/Users/oshonik/Documents/Projects/Yardly/app/src/main/java/com/example/yardly/ui/sheets/CreatePostSheet.kt:72:36 Conflicting import: imported name 'Category' is ambiguous.
e: file:///C:/Users/oshonik/Documents/Projects/Yardly/app/src/main/java/com/example/yardly/ui/sheets/CreatePostSheet.kt:73:36 Conflicting import: imported name 'Dimens' is ambiguous.
e: file:///C:/Users/oshonik/Documents/Projects/Yardly/app/src/main/java/com/example/yardly/ui/sheets/CreatePostSheet.kt:495:52 Cannot infer type for this parameter. Please specify it explicitly.
e: file:///C:/Users/oshonik/Documents/Projects/Yardly/app/src/main/java/com/example/yardly/ui/sheets/CreatePostSheet.kt:495:71 Cannot infer type for this parameter. Please specify it explicitly.
e: file:///C:/Users/oshonik/Documents/Projects/Yardly/app/src/main/java/com/example/yardly/ui/sheets/CreatePostSheet.kt:496:29 Unresolved reference 'isSquareImage'.
e: file:///C:/Users/oshonik/Documents/Projects/Yardly/app/src/main/java/com/example/yardly/ui/sheets/CreatePostSheet.kt:512:1 Modifier 'private' is not applicable to 'local function'.
e: file:///C:/Users/oshonik/Documents/Projects/Yardly/app/src/main/java/com/example/yardly/ui/sheets/CreatePostSheet.kt:547:2 Syntax error: Expecting '}'.


> Task :app:mergeExtDexDebug
FAILURE: Build failed with an exception.

* What went wrong:
Execution failed for task ':app:compileDebugKotlin'.
> A failure occurred while executing org.jetbrains.kotlin.compilerRunner.GradleCompilerRunnerWithWorkers$GradleKotlinCompilerWorkAction
   > Compilation error. See log for more details

* Try:
> Run with --stacktrace option to get the stack trace.
> Run with --info or --debug option to get more log output.
> Run with --scan to get full insights.
> Get more help at https://help.gradle.org.

BUILD FAILED in 12s
30 actionable tasks: 30 executed
